npm warn deprecated @esbuild-kit/esm-loader@2.6.5: Merged into tsx: https://tsx.is
npm warn deprecated @esbuild-kit/core-utils@3.3.2: Merged into tsx: https://tsx.is
npm warn deprecated prebuild-install@7.1.3: No longer maintained. Please contact the author of the relevant native addon; alternatives are available.

added 89 packages, and audited 90 packages in 7s

21 packages are looking for funding
  run `npm fund` for details

4 moderate severity vulnerabilities

To address all issues (including breaking changes), run:
  npm audit fix --force

Run `npm audit` for details.
npm notice
npm notice New major version of npm available! 10.8.2 -> 11.12.1
npm notice Changelog: https://github.com/npm/cli/releases/tag/v11.12.1
npm notice To update run: npm install -g npm@11.12.1
npm notice

> creatrweb@0.1.0 build
> next build

   ▲ Next.js 15.5.15

   Creating an optimized production build ...
 ✓ Compiled successfully in 9.2s
   Linting and checking validity of types ...
   Collecting page data ...
   Generating static pages (0/10) ...
   Generating static pages (2/10) 
   Generating static pages (4/10) 
   Generating static pages (7/10) 
 ✓ Generating static pages (10/10)
   Finalizing page optimization ...
   Collecting build traces ...

Route (app)                                 Size  First Load JS
┌ ○ /                                    2.23 kB         108 kB
├ ○ /_not-found                            996 B         103 kB
├ ƒ /chat                                  120 B         102 kB
├ ○ /creatrweb-rag                         357 B         106 kB
├ ○ /indieweb-platform                     357 B         106 kB
├ ○ /projects                              372 B         106 kB
├ ○ /readme                                449 B         106 kB
└ ○ /terminal-ui                           357 B         106 kB
+ First Load JS shared by all             102 kB
  ├ chunks/255-4f212684648fcab9.js         46 kB
  ├ chunks/4bd1b696-c023c6e3521b1417.js  54.2 kB
  └ other shared chunks (total)          1.95 kB


○  (Static)   prerendered as static content
ƒ  (Dynamic)  server-rendered on demand

