npm warn deprecated prebuild-install@7.1.3: No longer maintained. Please contact the author of the relevant native addon; alternatives are available.
npm error code 1
npm error path /home/u276695328/domains/creatrweb.com/public_html/.builds/source/repository/node_modules/tsx/node_modules/esbuild
npm error command failed
npm error command sh -c node install.js
npm error /home/u276695328/domains/creatrweb.com/public_html/.builds/source/repository/node_modules/tsx/node_modules/esbuild/install.js:136
npm error     throw new Error(`Expected ${JSON.stringify(versionFromPackageJSON)} but got ${JSON.stringify(stdout)}`);
npm error           ^
npm error
npm error Error: Expected "0.27.7" but got "0.25.12"
npm error     at validateBinaryVersion (/home/u276695328/domains/creatrweb.com/public_html/.builds/source/repository/node_modules/tsx/node_modules/esbuild/install.js:136:11)
npm error     at /home/u276695328/domains/creatrweb.com/public_html/.builds/source/repository/node_modules/tsx/node_modules/esbuild/install.js:287:5
npm error
npm error Node.js v20.19.4
npm error A complete log of this run can be found in: /home/u276695328/.npm/_logs/2026-04-11T22_11_59_913Z-debug-0.log
[31mERROR: Failed to install dependencies[0m
[36mNOTICE: Attempting to install with legacy peer dependencies enabled[0m
npm warn deprecated prebuild-install@7.1.3: No longer maintained. Please contact the author of the relevant native addon; alternatives are available.

added 382 packages, and audited 383 packages in 5s

168 packages are looking for funding
  run `npm fund` for details

1 moderate severity vulnerability

To address all issues (including breaking changes), run:
  npm audit fix --force

Run `npm audit` for details.

> creatrweb@0.1.0 build
> ASTRO_TELEMETRY_DISABLED=1 astro build

22:12:12 [@astrojs/node] Enabling sessions with filesystem storage
22:12:12 [content] Syncing content
22:12:12 [content] Synced content
22:12:12 [types] Generated 163ms
22:12:12 [build] output: "server"
22:12:12 [build] mode: "server"
22:12:12 [build] directory: /home/u276695328/domains/creatrweb.com/public_html/.builds/source/repository/dist/
22:12:12 [build] adapter: @astrojs/node
22:12:12 [build] Collecting build info...
22:12:12 [build] ✓ Completed in 185ms.
22:12:12 [build] Building server entrypoints...
22:12:13 [vite] ✓ built in 1.27s
22:12:13 [build] ✓ Completed in 1.32s.

 building client (vite) 
22:12:13 [vite] transforming...
22:12:14 [vite] ✓ 37 modules transformed.
22:12:14 [vite] rendering chunks...
22:12:14 [vite] computing gzip size...
22:12:14 [vite] dist/client/_astro/MobileClock.DV_8DiqA.js               0.50 kB │ gzip:  0.35 kB
22:12:14 [vite] dist/client/_astro/jsx-runtime.D_zvdyIk.js               0.73 kB │ gzip:  0.46 kB
22:12:14 [vite] dist/client/_astro/DesktopToolbar.BORqv2Qr.js            0.83 kB │ gzip:  0.48 kB
22:12:14 [vite] dist/client/_astro/TerminalTrigger.cHilaHPk.js           0.90 kB │ gzip:  0.54 kB
22:12:14 [vite] dist/client/_astro/creatrweb-rag.4f242ea9.CKYPMDWa.js    1.07 kB │ gzip:  0.47 kB
22:12:14 [vite] dist/client/_astro/MobileNavPill.1ALxonYf.js             1.11 kB │ gzip:  0.61 kB
22:12:14 [vite] dist/client/_astro/TerminalDialog.BFvLM8tW.js            2.54 kB │ gzip:  1.14 kB
22:12:14 [vite] dist/client/_astro/index.CdJzaNS0.js                     7.85 kB │ gzip:  3.05 kB
22:12:14 [vite] dist/client/_astro/client.DYKcjN1Z.js                  186.62 kB │ gzip: 58.47 kB
22:12:14 [vite] ✓ built in 849ms

 prerendering static routes 
22:12:14 ✓ Completed in 63ms.

22:12:14 [build] Rearranging server assets...
22:12:14 [build] Server built in 2.43s
22:12:14 [build] Complete!
